{"/Users/rodrigoteranhernandez/Documents/Natgas/project/backend/src/controllers/bitacora/bitacora.controller.ts": {"path":"/Users/rodrigoteranhernandez/Documents/Natgas/project/backend/src/controllers/bitacora/bitacora.controller.ts","statementMap":{"0":{"start":{"line":1,"column":0},"end":{"line":1,"column":60}},"1":{"start":{"line":3,"column":31},"end":{"line":11,"column":null}},"2":{"start":{"line":3,"column":54},"end":{"line":11,"column":null}},"3":{"start":{"line":4,"column":1},"end":{"line":10,"column":null}},"4":{"start":{"line":5,"column":15},"end":{"line":5,"column":64}},"5":{"start":{"line":6,"column":2},"end":{"line":6,"column":14}},"6":{"start":{"line":8,"column":2},"end":{"line":8,"column":21}},"7":{"start":{"line":9,"column":2},"end":{"line":9,"column":14}},"8":{"start":{"line":3,"column":13},"end":{"line":3,"column":31}},"9":{"start":{"line":14,"column":26},"end":{"line":32,"column":2}},"10":{"start":{"line":14,"column":45},"end":{"line":32,"column":2}},"11":{"start":{"line":15,"column":18},"end":{"line":15,"column":28}},"12":{"start":{"line":16,"column":1},"end":{"line":31,"column":null}},"13":{"start":{"line":17,"column":15},"end":{"line":17,"column":55}},"14":{"start":{"line":18,"column":2},"end":{"line":21,"column":null}},"15":{"start":{"line":19,"column":3},"end":{"line":19,"column":62}},"16":{"start":{"line":20,"column":3},"end":{"line":20,"column":10}},"17":{"start":{"line":23,"column":2},"end":{"line":27,"column":5}},"18":{"start":{"line":29,"column":2},"end":{"line":29,"column":21}},"19":{"start":{"line":30,"column":2},"end":{"line":30,"column":61}},"20":{"start":{"line":14,"column":13},"end":{"line":14,"column":26}},"21":{"start":{"line":35,"column":27},"end":{"line":54,"column":2}},"22":{"start":{"line":35,"column":46},"end":{"line":54,"column":2}},"23":{"start":{"line":36,"column":29},"end":{"line":36,"column":39}},"24":{"start":{"line":37,"column":1},"end":{"line":53,"column":null}},"25":{"start":{"line":49,"column":2},"end":{"line":49,"column":34}},"26":{"start":{"line":51,"column":2},"end":{"line":51,"column":21}},"27":{"start":{"line":52,"column":2},"end":{"line":52,"column":61}},"28":{"start":{"line":35,"column":13},"end":{"line":35,"column":27}},"29":{"start":{"line":57,"column":24},"end":{"line":68,"column":2}},"30":{"start":{"line":57,"column":43},"end":{"line":68,"column":2}},"31":{"start":{"line":58,"column":35},"end":{"line":58,"column":43}},"32":{"start":{"line":60,"column":1},"end":{"line":67,"column":null}},"33":{"start":{"line":61,"column":19},"end":{"line":61,"column":64}},"34":{"start":{"line":62,"column":2},"end":{"line":62,"column":39}},"35":{"start":{"line":63,"column":2},"end":{"line":63,"column":37}},"36":{"start":{"line":65,"column":2},"end":{"line":65,"column":21}},"37":{"start":{"line":66,"column":2},"end":{"line":66,"column":61}},"38":{"start":{"line":57,"column":13},"end":{"line":57,"column":24}},"39":{"start":{"line":71,"column":26},"end":{"line":88,"column":2}},"40":{"start":{"line":71,"column":45},"end":{"line":88,"column":2}},"41":{"start":{"line":72,"column":16},"end":{"line":72,"column":26}},"42":{"start":{"line":73,"column":1},"end":{"line":87,"column":null}},"43":{"start":{"line":74,"column":16},"end":{"line":74,"column":58}},"44":{"start":{"line":75,"column":2},"end":{"line":78,"column":null}},"45":{"start":{"line":76,"column":3},"end":{"line":76,"column":56}},"46":{"start":{"line":77,"column":3},"end":{"line":77,"column":10}},"47":{"start":{"line":79,"column":2},"end":{"line":83,"column":5}},"48":{"start":{"line":85,"column":2},"end":{"line":85,"column":21}},"49":{"start":{"line":86,"column":2},"end":{"line":86,"column":61}},"50":{"start":{"line":71,"column":13},"end":{"line":71,"column":26}},"51":{"start":{"line":90,"column":0},"end":{"line":108,"column":2}},"52":{"start":{"line":90,"column":41},"end":{"line":108,"column":2}},"53":{"start":{"line":91,"column":16},"end":{"line":91,"column":26}},"54":{"start":{"line":92,"column":35},"end":{"line":92,"column":43}},"55":{"start":{"line":93,"column":1},"end":{"line":107,"column":3}},"56":{"start":{"line":94,"column":16},"end":{"line":94,"column":58}},"57":{"start":{"line":95,"column":2},"end":{"line":98,"column":null}},"58":{"start":{"line":96,"column":3},"end":{"line":96,"column":56}},"59":{"start":{"line":97,"column":3},"end":{"line":97,"column":10}},"60":{"start":{"line":99,"column":2},"end":{"line":99,"column":22}},"61":{"start":{"line":100,"column":2},"end":{"line":100,"column":22}},"62":{"start":{"line":101,"column":2},"end":{"line":101,"column":26}},"63":{"start":{"line":102,"column":2},"end":{"line":102,"column":53}},"64":{"start":{"line":103,"column":2},"end":{"line":103,"column":37}},"65":{"start":{"line":105,"column":2},"end":{"line":105,"column":21}},"66":{"start":{"line":106,"column":2},"end":{"line":106,"column":61}}},"fnMap":{"0":{"name":"(anonymous_8)","decl":{"start":{"line":3,"column":31},"end":{"line":3,"column":38}},"loc":{"start":{"line":3,"column":54},"end":{"line":11,"column":null}}},"1":{"name":"(anonymous_9)","decl":{"start":{"line":3,"column":54},"end":{"line":3,"column":null}},"loc":{"start":{"line":3,"column":54},"end":{"line":11,"column":1}}},"2":{"name":"(anonymous_10)","decl":{"start":{"line":14,"column":26},"end":{"line":14,"column":33}},"loc":{"start":{"line":14,"column":45},"end":{"line":32,"column":2}}},"3":{"name":"(anonymous_11)","decl":{"start":{"line":14,"column":45},"end":{"line":14,"column":null}},"loc":{"start":{"line":14,"column":45},"end":{"line":32,"column":1}}},"4":{"name":"(anonymous_12)","decl":{"start":{"line":35,"column":27},"end":{"line":35,"column":34}},"loc":{"start":{"line":35,"column":46},"end":{"line":54,"column":2}}},"5":{"name":"(anonymous_13)","decl":{"start":{"line":35,"column":46},"end":{"line":35,"column":null}},"loc":{"start":{"line":35,"column":46},"end":{"line":54,"column":1}}},"6":{"name":"(anonymous_14)","decl":{"start":{"line":57,"column":24},"end":{"line":57,"column":31}},"loc":{"start":{"line":57,"column":43},"end":{"line":68,"column":2}}},"7":{"name":"(anonymous_15)","decl":{"start":{"line":57,"column":43},"end":{"line":57,"column":null}},"loc":{"start":{"line":57,"column":43},"end":{"line":68,"column":1}}},"8":{"name":"(anonymous_16)","decl":{"start":{"line":71,"column":26},"end":{"line":71,"column":33}},"loc":{"start":{"line":71,"column":45},"end":{"line":88,"column":2}}},"9":{"name":"(anonymous_17)","decl":{"start":{"line":71,"column":45},"end":{"line":71,"column":null}},"loc":{"start":{"line":71,"column":45},"end":{"line":88,"column":1}}},"10":{"name":"(anonymous_18)","decl":{"start":{"line":90,"column":22},"end":{"line":90,"column":29}},"loc":{"start":{"line":90,"column":41},"end":{"line":108,"column":2}}},"11":{"name":"(anonymous_19)","decl":{"start":{"line":90,"column":41},"end":{"line":90,"column":null}},"loc":{"start":{"line":90,"column":41},"end":{"line":108,"column":1}}}},"branchMap":{"0":{"loc":{"start":{"line":18,"column":2},"end":{"line":21,"column":null}},"type":"if","locations":[{"start":{"line":18,"column":2},"end":{"line":21,"column":null}}]},"1":{"loc":{"start":{"line":75,"column":2},"end":{"line":78,"column":null}},"type":"if","locations":[{"start":{"line":75,"column":2},"end":{"line":78,"column":null}}]},"2":{"loc":{"start":{"line":95,"column":2},"end":{"line":98,"column":null}},"type":"if","locations":[{"start":{"line":95,"column":2},"end":{"line":98,"column":null}}]}},"s":{"0":1,"1":1,"2":2,"3":2,"4":2,"5":2,"6":0,"7":0,"8":1,"9":1,"10":0,"11":0,"12":0,"13":0,"14":0,"15":0,"16":0,"17":0,"18":0,"19":0,"20":1,"21":1,"22":0,"23":0,"24":0,"25":0,"26":0,"27":0,"28":1,"29":1,"30":0,"31":0,"32":0,"33":0,"34":0,"35":0,"36":0,"37":0,"38":1,"39":1,"40":0,"41":0,"42":0,"43":0,"44":0,"45":0,"46":0,"47":0,"48":0,"49":0,"50":1,"51":1,"52":0,"53":0,"54":0,"55":0,"56":0,"57":0,"58":0,"59":0,"60":0,"61":0,"62":0,"63":0,"64":0,"65":0,"66":0},"f":{"0":2,"1":2,"2":0,"3":0,"4":0,"5":0,"6":0,"7":0,"8":0,"9":0,"10":0,"11":0},"b":{"0":[0],"1":[0],"2":[0]}}
,"/Users/rodrigoteranhernandez/Documents/Natgas/project/backend/src/db/connection.ts": {"path":"/Users/rodrigoteranhernandez/Documents/Natgas/project/backend/src/db/connection.ts","statementMap":{"0":{"start":{"line":1,"column":0},"end":{"line":1,"column":27}},"1":{"start":{"line":3,"column":13},"end":{"line":8,"column":2}},"2":{"start":{"line":10,"column":0},"end":{"line":10,"column":30}}},"fnMap":{},"branchMap":{},"s":{"0":1,"1":1,"2":1},"f":{},"b":{}}
,"/Users/rodrigoteranhernandez/Documents/Natgas/project/backend/src/models/Bitacora/bitacora.model.ts": {"path":"/Users/rodrigoteranhernandez/Documents/Natgas/project/backend/src/models/Bitacora/bitacora.model.ts","statementMap":{"0":{"start":{"line":1,"column":0},"end":{"line":1,"column":39}},"1":{"start":{"line":2,"column":0},"end":{"line":2,"column":30}},"2":{"start":{"line":12,"column":2},"end":{"line":12,"column":19}},"3":{"start":{"line":13,"column":2},"end":{"line":13,"column":21}},"4":{"start":{"line":14,"column":2},"end":{"line":14,"column":21}},"5":{"start":{"line":15,"column":2},"end":{"line":15,"column":25}},"6":{"start":{"line":20,"column":19},"end":{"line":20,"column":90}},"7":{"start":{"line":21,"column":16},"end":{"line":21,"column":58}},"8":{"start":{"line":22,"column":20},"end":{"line":22,"column":94}},"9":{"start":{"line":24,"column":17},"end":{"line":26,"column":null}},"10":{"start":{"line":28,"column":2},"end":{"line":28,"column":14}},"11":{"start":{"line":38,"column":17},"end":{"line":40,"column":null}},"12":{"start":{"line":42,"column":2},"end":{"line":42,"column":14}},"13":{"start":{"line":47,"column":2},"end":{"line":51,"column":4}},"14":{"start":{"line":53,"column":2},"end":{"line":53,"column":70}},"15":{"start":{"line":53,"column":58},"end":{"line":53,"column":70}},"16":{"start":{"line":58,"column":17},"end":{"line":60,"column":null}},"17":{"start":{"line":62,"column":2},"end":{"line":62,"column":36}},"18":{"start":{"line":62,"column":24},"end":{"line":62,"column":36}},"19":{"start":{"line":63,"column":2},"end":{"line":63,"column":17}},"20":{"start":{"line":68,"column":2},"end":{"line":71,"column":4}},"21":{"start":{"line":72,"column":2},"end":{"line":72,"column":72}},"22":{"start":{"line":72,"column":60},"end":{"line":72,"column":72}},"23":{"start":{"line":76,"column":0},"end":{"line":76,"column":24}}},"fnMap":{"0":{"name":"(anonymous_8)","decl":{"start":{"line":11,"column":1},"end":{"line":11,"column":13}},"loc":{"start":{"line":11,"column":56},"end":{"line":16,"column":2}}},"1":{"name":"(anonymous_9)","decl":{"start":{"line":18,"column":1},"end":{"line":18,"column":7}},"loc":{"start":{"line":18,"column":53},"end":{"line":29,"column":null}}},"2":{"name":"(anonymous_11)","decl":{"start":{"line":32,"column":1},"end":{"line":32,"column":7}},"loc":{"start":{"line":36,"column":17},"end":{"line":43,"column":null}}},"3":{"name":"(anonymous_13)","decl":{"start":{"line":46,"column":7},"end":{"line":46,"column":15}},"loc":{"start":{"line":46,"column":32},"end":{"line":54,"column":null}}},"4":{"name":"(anonymous_15)","decl":{"start":{"line":57,"column":1},"end":{"line":57,"column":7}},"loc":{"start":{"line":57,"column":53},"end":{"line":64,"column":null}}},"5":{"name":"(anonymous_17)","decl":{"start":{"line":67,"column":1},"end":{"line":67,"column":7}},"loc":{"start":{"line":67,"column":71},"end":{"line":73,"column":null}}}},"branchMap":{"0":{"loc":{"start":{"line":53,"column":2},"end":{"line":53,"column":70}},"type":"if","locations":[{"start":{"line":53,"column":2},"end":{"line":53,"column":70}}]},"1":{"loc":{"start":{"line":53,"column":6},"end":{"line":53,"column":56}},"type":"binary-expr","locations":[{"start":{"line":53,"column":6},"end":{"line":53,"column":28}},{"start":{"line":53,"column":32},"end":{"line":53,"column":56}}]},"2":{"loc":{"start":{"line":62,"column":2},"end":{"line":62,"column":36}},"type":"if","locations":[{"start":{"line":62,"column":2},"end":{"line":62,"column":36}}]},"3":{"loc":{"start":{"line":72,"column":2},"end":{"line":72,"column":72}},"type":"if","locations":[{"start":{"line":72,"column":2},"end":{"line":72,"column":72}}]},"4":{"loc":{"start":{"line":72,"column":6},"end":{"line":72,"column":58}},"type":"binary-expr","locations":[{"start":{"line":72,"column":6},"end":{"line":72,"column":29}},{"start":{"line":72,"column":33},"end":{"line":72,"column":58}}]}},"s":{"0":1,"1":1,"2":0,"3":0,"4":0,"5":0,"6":2,"7":2,"8":2,"9":2,"10":2,"11":0,"12":0,"13":0,"14":0,"15":0,"16":0,"17":0,"18":0,"19":0,"20":0,"21":0,"22":0,"23":1},"f":{"0":0,"1":2,"2":0,"3":0,"4":0,"5":0},"b":{"0":[0],"1":[0,0],"2":[0],"3":[0],"4":[0,0]}}
}
