{"/Users/rodrigoteranhernandez/Documents/Natgas/project/backend/src/controllers/diets/diets.controller.ts": {"path":"/Users/rodrigoteranhernandez/Documents/Natgas/project/backend/src/controllers/diets/diets.controller.ts","statementMap":{"0":{"start":{"line":1,"column":0},"end":{"line":1,"column":51}},"1":{"start":{"line":4,"column":27},"end":{"line":96,"column":null}},"2":{"start":{"line":4,"column":90},"end":{"line":96,"column":null}},"3":{"start":{"line":5,"column":4},"end":{"line":95,"column":null}},"4":{"start":{"line":6,"column":8},"end":{"line":8,"column":null}},"5":{"start":{"line":7,"column":12},"end":{"line":7,"column":49}},"6":{"start":{"line":9,"column":8},"end":{"line":11,"column":null}},"7":{"start":{"line":10,"column":12},"end":{"line":10,"column":51}},"8":{"start":{"line":12,"column":8},"end":{"line":14,"column":null}},"9":{"start":{"line":13,"column":12},"end":{"line":13,"column":52}},"10":{"start":{"line":15,"column":8},"end":{"line":17,"column":null}},"11":{"start":{"line":16,"column":12},"end":{"line":16,"column":48}},"12":{"start":{"line":18,"column":8},"end":{"line":20,"column":null}},"13":{"start":{"line":19,"column":12},"end":{"line":19,"column":38}},"14":{"start":{"line":23,"column":25},"end":{"line":23,"column":53}},"15":{"start":{"line":27,"column":12},"end":{"line":27,"column":14}},"16":{"start":{"line":29,"column":8},"end":{"line":38,"column":null}},"17":{"start":{"line":29,"column":21},"end":{"line":29,"column":22}},"18":{"start":{"line":30,"column":27},"end":{"line":30,"column":38}},"19":{"start":{"line":32,"column":12},"end":{"line":37,"column":null}},"20":{"start":{"line":41,"column":26},"end":{"line":44,"column":10}},"21":{"start":{"line":48,"column":12},"end":{"line":48,"column":14}},"22":{"start":{"line":50,"column":8},"end":{"line":59,"column":null}},"23":{"start":{"line":50,"column":21},"end":{"line":50,"column":22}},"24":{"start":{"line":51,"column":27},"end":{"line":51,"column":39}},"25":{"start":{"line":53,"column":12},"end":{"line":58,"column":null}},"26":{"start":{"line":63,"column":26},"end":{"line":63,"column":50}},"27":{"start":{"line":64,"column":36},"end":{"line":64,"column":38}},"28":{"start":{"line":66,"column":8},"end":{"line":70,"column":null}},"29":{"start":{"line":66,"column":21},"end":{"line":66,"column":22}},"30":{"start":{"line":67,"column":27},"end":{"line":67,"column":39}},"31":{"start":{"line":69,"column":12},"end":{"line":69,"column":33}},"32":{"start":{"line":74,"column":29},"end":{"line":74,"column":54}},"33":{"start":{"line":75,"column":40},"end":{"line":75,"column":42}},"34":{"start":{"line":77,"column":8},"end":{"line":81,"column":null}},"35":{"start":{"line":77,"column":21},"end":{"line":77,"column":22}},"36":{"start":{"line":78,"column":27},"end":{"line":78,"column":42}},"37":{"start":{"line":80,"column":12},"end":{"line":80,"column":43}},"38":{"start":{"line":84,"column":8},"end":{"line":89,"column":10}},"39":{"start":{"line":92,"column":8},"end":{"line":92,"column":27}},"40":{"start":{"line":94,"column":8},"end":{"line":94,"column":36}},"41":{"start":{"line":4,"column":13},"end":{"line":4,"column":27}},"42":{"start":{"line":98,"column":22},"end":{"line":140,"column":null}},"43":{"start":{"line":98,"column":51},"end":{"line":140,"column":null}},"44":{"start":{"line":99,"column":4},"end":{"line":139,"column":null}},"45":{"start":{"line":103,"column":12},"end":{"line":103,"column":21}},"46":{"start":{"line":105,"column":21},"end":{"line":105,"column":73}},"47":{"start":{"line":107,"column":8},"end":{"line":118,"column":null}},"48":{"start":{"line":108,"column":12},"end":{"line":117,"column":15}},"49":{"start":{"line":120,"column":8},"end":{"line":124,"column":11}},"50":{"start":{"line":127,"column":8},"end":{"line":127,"column":27}},"51":{"start":{"line":129,"column":8},"end":{"line":138,"column":11}},"52":{"start":{"line":98,"column":13},"end":{"line":98,"column":22}},"53":{"start":{"line":142,"column":31},"end":{"line":202,"column":null}},"54":{"start":{"line":142,"column":94},"end":{"line":202,"column":null}},"55":{"start":{"line":143,"column":4},"end":{"line":201,"column":null}},"56":{"start":{"line":144,"column":8},"end":{"line":146,"column":null}},"57":{"start":{"line":145,"column":12},"end":{"line":145,"column":49}},"58":{"start":{"line":147,"column":8},"end":{"line":149,"column":null}},"59":{"start":{"line":148,"column":12},"end":{"line":148,"column":51}},"60":{"start":{"line":150,"column":8},"end":{"line":152,"column":null}},"61":{"start":{"line":151,"column":12},"end":{"line":151,"column":52}},"62":{"start":{"line":153,"column":8},"end":{"line":155,"column":null}},"63":{"start":{"line":154,"column":12},"end":{"line":154,"column":48}},"64":{"start":{"line":156,"column":8},"end":{"line":158,"column":null}},"65":{"start":{"line":157,"column":12},"end":{"line":157,"column":38}},"66":{"start":{"line":161,"column":25},"end":{"line":164,"column":10}},"67":{"start":{"line":168,"column":12},"end":{"line":168,"column":14}},"68":{"start":{"line":170,"column":8},"end":{"line":179,"column":null}},"69":{"start":{"line":170,"column":21},"end":{"line":170,"column":22}},"70":{"start":{"line":171,"column":27},"end":{"line":171,"column":38}},"71":{"start":{"line":173,"column":12},"end":{"line":178,"column":null}},"72":{"start":{"line":183,"column":29},"end":{"line":183,"column":54}},"73":{"start":{"line":184,"column":40},"end":{"line":184,"column":42}},"74":{"start":{"line":186,"column":8},"end":{"line":190,"column":null}},"75":{"start":{"line":186,"column":21},"end":{"line":186,"column":22}},"76":{"start":{"line":187,"column":27},"end":{"line":187,"column":42}},"77":{"start":{"line":189,"column":12},"end":{"line":189,"column":43}},"78":{"start":{"line":192,"column":8},"end":{"line":195,"column":null}},"79":{"start":{"line":198,"column":8},"end":{"line":198,"column":27}},"80":{"start":{"line":200,"column":8},"end":{"line":200,"column":36}},"81":{"start":{"line":142,"column":13},"end":{"line":142,"column":31}},"82":{"start":{"line":204,"column":26},"end":{"line":243,"column":null}},"83":{"start":{"line":204,"column":55},"end":{"line":243,"column":null}},"84":{"start":{"line":205,"column":4},"end":{"line":242,"column":null}},"85":{"start":{"line":210,"column":12},"end":{"line":210,"column":21}},"86":{"start":{"line":212,"column":21},"end":{"line":212,"column":77}},"87":{"start":{"line":214,"column":8},"end":{"line":223,"column":null}},"88":{"start":{"line":215,"column":12},"end":{"line":222,"column":15}},"89":{"start":{"line":225,"column":8},"end":{"line":229,"column":11}},"90":{"start":{"line":232,"column":8},"end":{"line":232,"column":27}},"91":{"start":{"line":234,"column":8},"end":{"line":241,"column":11}},"92":{"start":{"line":204,"column":13},"end":{"line":204,"column":26}},"93":{"start":{"line":245,"column":28},"end":{"line":300,"column":null}},"94":{"start":{"line":245,"column":71},"end":{"line":300,"column":null}},"95":{"start":{"line":246,"column":4},"end":{"line":299,"column":null}},"96":{"start":{"line":248,"column":8},"end":{"line":250,"column":null}},"97":{"start":{"line":249,"column":12},"end":{"line":249,"column":44}},"98":{"start":{"line":251,"column":8},"end":{"line":253,"column":null}},"99":{"start":{"line":252,"column":12},"end":{"line":252,"column":42}},"100":{"start":{"line":254,"column":8},"end":{"line":256,"column":null}},"101":{"start":{"line":255,"column":12},"end":{"line":255,"column":44}},"102":{"start":{"line":257,"column":8},"end":{"line":259,"column":null}},"103":{"start":{"line":258,"column":12},"end":{"line":258,"column":42}},"104":{"start":{"line":261,"column":25},"end":{"line":261,"column":62}},"105":{"start":{"line":263,"column":19},"end":{"line":263,"column":30}},"106":{"start":{"line":264,"column":36},"end":{"line":264,"column":38}},"107":{"start":{"line":266,"column":8},"end":{"line":289,"column":null}},"108":{"start":{"line":266,"column":21},"end":{"line":266,"column":22}},"109":{"start":{"line":267,"column":27},"end":{"line":267,"column":38}},"110":{"start":{"line":275,"column":12},"end":{"line":279,"column":14}},"111":{"start":{"line":281,"column":12},"end":{"line":281,"column":50}},"112":{"start":{"line":283,"column":12},"end":{"line":287,"column":null}},"113":{"start":{"line":291,"column":8},"end":{"line":293,"column":10}},"114":{"start":{"line":296,"column":8},"end":{"line":296,"column":27}},"115":{"start":{"line":298,"column":8},"end":{"line":298,"column":36}},"116":{"start":{"line":245,"column":13},"end":{"line":245,"column":28}},"117":{"start":{"line":302,"column":23},"end":{"line":331,"column":null}},"118":{"start":{"line":302,"column":50},"end":{"line":331,"column":null}},"119":{"start":{"line":303,"column":4},"end":{"line":330,"column":null}},"120":{"start":{"line":304,"column":21},"end":{"line":304,"column":63}},"121":{"start":{"line":306,"column":8},"end":{"line":314,"column":null}},"122":{"start":{"line":307,"column":12},"end":{"line":313,"column":15}},"123":{"start":{"line":316,"column":8},"end":{"line":319,"column":null}},"124":{"start":{"line":322,"column":8},"end":{"line":322,"column":27}},"125":{"start":{"line":324,"column":8},"end":{"line":329,"column":11}},"126":{"start":{"line":302,"column":13},"end":{"line":302,"column":23}}},"fnMap":{"0":{"name":"(anonymous_8)","decl":{"start":{"line":4,"column":27},"end":{"line":4,"column":34}},"loc":{"start":{"line":4,"column":90},"end":{"line":96,"column":null}}},"1":{"name":"(anonymous_9)","decl":{"start":{"line":4,"column":90},"end":{"line":4,"column":null}},"loc":{"start":{"line":4,"column":90},"end":{"line":96,"column":1}}},"2":{"name":"(anonymous_10)","decl":{"start":{"line":98,"column":22},"end":{"line":98,"column":29}},"loc":{"start":{"line":98,"column":51},"end":{"line":140,"column":null}}},"3":{"name":"(anonymous_11)","decl":{"start":{"line":98,"column":51},"end":{"line":98,"column":null}},"loc":{"start":{"line":98,"column":51},"end":{"line":140,"column":1}}},"4":{"name":"(anonymous_12)","decl":{"start":{"line":142,"column":31},"end":{"line":142,"column":38}},"loc":{"start":{"line":142,"column":94},"end":{"line":202,"column":null}}},"5":{"name":"(anonymous_13)","decl":{"start":{"line":142,"column":94},"end":{"line":142,"column":null}},"loc":{"start":{"line":142,"column":94},"end":{"line":202,"column":1}}},"6":{"name":"(anonymous_14)","decl":{"start":{"line":204,"column":26},"end":{"line":204,"column":33}},"loc":{"start":{"line":204,"column":55},"end":{"line":243,"column":null}}},"7":{"name":"(anonymous_15)","decl":{"start":{"line":204,"column":55},"end":{"line":204,"column":null}},"loc":{"start":{"line":204,"column":55},"end":{"line":243,"column":1}}},"8":{"name":"(anonymous_16)","decl":{"start":{"line":245,"column":28},"end":{"line":245,"column":35}},"loc":{"start":{"line":245,"column":71},"end":{"line":300,"column":null}}},"9":{"name":"(anonymous_17)","decl":{"start":{"line":245,"column":71},"end":{"line":245,"column":null}},"loc":{"start":{"line":245,"column":71},"end":{"line":300,"column":1}}},"10":{"name":"(anonymous_18)","decl":{"start":{"line":302,"column":23},"end":{"line":302,"column":30}},"loc":{"start":{"line":302,"column":50},"end":{"line":331,"column":null}}},"11":{"name":"(anonymous_19)","decl":{"start":{"line":302,"column":50},"end":{"line":302,"column":null}},"loc":{"start":{"line":302,"column":50},"end":{"line":331,"column":1}}}},"branchMap":{"0":{"loc":{"start":{"line":6,"column":8},"end":{"line":8,"column":null}},"type":"if","locations":[{"start":{"line":6,"column":8},"end":{"line":8,"column":null}}]},"1":{"loc":{"start":{"line":9,"column":8},"end":{"line":11,"column":null}},"type":"if","locations":[{"start":{"line":9,"column":8},"end":{"line":11,"column":null}}]},"2":{"loc":{"start":{"line":12,"column":8},"end":{"line":14,"column":null}},"type":"if","locations":[{"start":{"line":12,"column":8},"end":{"line":14,"column":null}}]},"3":{"loc":{"start":{"line":15,"column":8},"end":{"line":17,"column":null}},"type":"if","locations":[{"start":{"line":15,"column":8},"end":{"line":17,"column":null}}]},"4":{"loc":{"start":{"line":18,"column":8},"end":{"line":20,"column":null}},"type":"if","locations":[{"start":{"line":18,"column":8},"end":{"line":20,"column":null}}]},"5":{"loc":{"start":{"line":36,"column":23},"end":{"line":36,"column":55}},"type":"binary-expr","locations":[{"start":{"line":36,"column":23},"end":{"line":36,"column":44}},{"start":{"line":36,"column":48},"end":{"line":36,"column":55}}]},"6":{"loc":{"start":{"line":36,"column":23},"end":{"line":36,"column":44}},"type":"cond-expr","locations":[{"start":{"line":36,"column":37},"end":{"line":36,"column":39}},{"start":{"line":36,"column":37},"end":{"line":36,"column":44}}]},"7":{"loc":{"start":{"line":36,"column":23},"end":{"line":36,"column":39}},"type":"binary-expr","locations":[{"start":{"line":36,"column":23},"end":{"line":36,"column":39}},{"start":{"line":36,"column":37},"end":{"line":36,"column":39}}]},"8":{"loc":{"start":{"line":57,"column":23},"end":{"line":57,"column":52}},"type":"binary-expr","locations":[{"start":{"line":57,"column":23},"end":{"line":57,"column":41}},{"start":{"line":57,"column":45},"end":{"line":57,"column":52}}]},"9":{"loc":{"start":{"line":57,"column":23},"end":{"line":57,"column":41}},"type":"cond-expr","locations":[{"start":{"line":57,"column":34},"end":{"line":57,"column":36}},{"start":{"line":57,"column":34},"end":{"line":57,"column":41}}]},"10":{"loc":{"start":{"line":57,"column":23},"end":{"line":57,"column":36}},"type":"binary-expr","locations":[{"start":{"line":57,"column":23},"end":{"line":57,"column":36}},{"start":{"line":57,"column":34},"end":{"line":57,"column":36}}]},"11":{"loc":{"start":{"line":107,"column":8},"end":{"line":118,"column":null}},"type":"if","locations":[{"start":{"line":107,"column":8},"end":{"line":118,"column":null}}]},"12":{"loc":{"start":{"line":144,"column":8},"end":{"line":146,"column":null}},"type":"if","locations":[{"start":{"line":144,"column":8},"end":{"line":146,"column":null}}]},"13":{"loc":{"start":{"line":147,"column":8},"end":{"line":149,"column":null}},"type":"if","locations":[{"start":{"line":147,"column":8},"end":{"line":149,"column":null}}]},"14":{"loc":{"start":{"line":150,"column":8},"end":{"line":152,"column":null}},"type":"if","locations":[{"start":{"line":150,"column":8},"end":{"line":152,"column":null}}]},"15":{"loc":{"start":{"line":153,"column":8},"end":{"line":155,"column":null}},"type":"if","locations":[{"start":{"line":153,"column":8},"end":{"line":155,"column":null}}]},"16":{"loc":{"start":{"line":156,"column":8},"end":{"line":158,"column":null}},"type":"if","locations":[{"start":{"line":156,"column":8},"end":{"line":158,"column":null}}]},"17":{"loc":{"start":{"line":214,"column":8},"end":{"line":223,"column":null}},"type":"if","locations":[{"start":{"line":214,"column":8},"end":{"line":223,"column":null}}]},"18":{"loc":{"start":{"line":248,"column":8},"end":{"line":250,"column":null}},"type":"if","locations":[{"start":{"line":248,"column":8},"end":{"line":250,"column":null}}]},"19":{"loc":{"start":{"line":251,"column":8},"end":{"line":253,"column":null}},"type":"if","locations":[{"start":{"line":251,"column":8},"end":{"line":253,"column":null}}]},"20":{"loc":{"start":{"line":254,"column":8},"end":{"line":256,"column":null}},"type":"if","locations":[{"start":{"line":254,"column":8},"end":{"line":256,"column":null}}]},"21":{"loc":{"start":{"line":257,"column":8},"end":{"line":259,"column":null}},"type":"if","locations":[{"start":{"line":257,"column":8},"end":{"line":259,"column":null}}]},"22":{"loc":{"start":{"line":286,"column":23},"end":{"line":286,"column":45}},"type":"binary-expr","locations":[{"start":{"line":286,"column":23},"end":{"line":286,"column":34}},{"start":{"line":286,"column":38},"end":{"line":286,"column":45}}]},"23":{"loc":{"start":{"line":286,"column":23},"end":{"line":286,"column":34}},"type":"cond-expr","locations":[{"start":{"line":286,"column":27},"end":{"line":286,"column":29}},{"start":{"line":286,"column":23},"end":{"line":286,"column":34}}]},"24":{"loc":{"start":{"line":286,"column":23},"end":{"line":286,"column":29}},"type":"binary-expr","locations":[{"start":{"line":286,"column":23},"end":{"line":286,"column":29}},{"start":{"line":286,"column":23},"end":{"line":286,"column":29}}]},"25":{"loc":{"start":{"line":306,"column":8},"end":{"line":314,"column":null}},"type":"if","locations":[{"start":{"line":306,"column":8},"end":{"line":314,"column":null}}]}},"s":{"0":1,"1":1,"2":7,"3":7,"4":7,"5":2,"6":5,"7":1,"8":4,"9":1,"10":3,"11":1,"12":2,"13":1,"14":1,"15":1,"16":1,"17":1,"18":2,"19":2,"20":1,"21":1,"22":1,"23":1,"24":6,"25":6,"26":1,"27":1,"28":1,"29":1,"30":2,"31":2,"32":1,"33":1,"34":1,"35":1,"36":6,"37":6,"38":1,"39":0,"40":0,"41":1,"42":1,"43":0,"44":0,"45":0,"46":0,"47":0,"48":0,"49":0,"50":0,"51":0,"52":1,"53":1,"54":7,"55":7,"56":7,"57":2,"58":5,"59":1,"60":4,"61":1,"62":3,"63":1,"64":2,"65":1,"66":1,"67":1,"68":1,"69":1,"70":2,"71":2,"72":1,"73":1,"74":1,"75":1,"76":6,"77":6,"78":1,"79":0,"80":0,"81":1,"82":1,"83":0,"84":0,"85":0,"86":0,"87":0,"88":0,"89":0,"90":0,"91":0,"92":1,"93":1,"94":3,"95":3,"96":3,"97":1,"98":2,"99":1,"100":1,"101":0,"102":1,"103":0,"104":1,"105":1,"106":1,"107":1,"108":1,"109":7,"110":7,"111":7,"112":7,"113":1,"114":0,"115":0,"116":1,"117":1,"118":0,"119":0,"120":0,"121":0,"122":0,"123":0,"124":0,"125":0,"126":1},"f":{"0":7,"1":7,"2":0,"3":0,"4":7,"5":7,"6":0,"7":0,"8":3,"9":3,"10":0,"11":0},"b":{"0":[2],"1":[1],"2":[1],"3":[1],"4":[1],"5":[2,2],"6":[2,0],"7":[2,2],"8":[6,6],"9":[6,0],"10":[6,6],"11":[0],"12":[2],"13":[1],"14":[1],"15":[1],"16":[1],"17":[0],"18":[1],"19":[1],"20":[0],"21":[0],"22":[7,7],"23":[0,7],"24":[7,7],"25":[0]}}
,"/Users/rodrigoteranhernandez/Documents/Natgas/project/backend/src/db/connection.ts": {"path":"/Users/rodrigoteranhernandez/Documents/Natgas/project/backend/src/db/connection.ts","statementMap":{"0":{"start":{"line":1,"column":0},"end":{"line":1,"column":27}},"1":{"start":{"line":3,"column":13},"end":{"line":8,"column":2}},"2":{"start":{"line":10,"column":0},"end":{"line":10,"column":30}}},"fnMap":{},"branchMap":{},"s":{"0":1,"1":1,"2":1},"f":{},"b":{}}
,"/Users/rodrigoteranhernandez/Documents/Natgas/project/backend/src/models/Dietas/diets.models.ts": {"path":"/Users/rodrigoteranhernandez/Documents/Natgas/project/backend/src/models/Dietas/diets.models.ts","statementMap":{"0":{"start":{"line":1,"column":0},"end":{"line":1,"column":39}},"1":{"start":{"line":14,"column":24},"end":{"line":14,"column":26}},"2":{"start":{"line":16,"column":8},"end":{"line":20,"column":null}},"3":{"start":{"line":17,"column":12},"end":{"line":17,"column":102}},"4":{"start":{"line":19,"column":12},"end":{"line":19,"column":30}},"5":{"start":{"line":22,"column":8},"end":{"line":26,"column":null}},"6":{"start":{"line":23,"column":12},"end":{"line":23,"column":107}},"7":{"start":{"line":25,"column":12},"end":{"line":25,"column":30}},"8":{"start":{"line":28,"column":23},"end":{"line":33,"column":40}},"9":{"start":{"line":35,"column":8},"end":{"line":35,"column":20}},"10":{"start":{"line":47,"column":24},"end":{"line":47,"column":34}},"11":{"start":{"line":49,"column":8},"end":{"line":53,"column":null}},"12":{"start":{"line":50,"column":12},"end":{"line":50,"column":102}},"13":{"start":{"line":52,"column":12},"end":{"line":52,"column":30}},"14":{"start":{"line":55,"column":8},"end":{"line":59,"column":null}},"15":{"start":{"line":56,"column":12},"end":{"line":56,"column":107}},"16":{"start":{"line":58,"column":12},"end":{"line":58,"column":30}},"17":{"start":{"line":61,"column":23},"end":{"line":68,"column":40}},"18":{"start":{"line":69,"column":8},"end":{"line":69,"column":20}},"19":{"start":{"line":73,"column":23},"end":{"line":78,"column":33}},"20":{"start":{"line":79,"column":8},"end":{"line":79,"column":20}},"21":{"start":{"line":83,"column":23},"end":{"line":85,"column":23}},"22":{"start":{"line":86,"column":8},"end":{"line":86,"column":20}},"23":{"start":{"line":91,"column":23},"end":{"line":97,"column":53}},"24":{"start":{"line":98,"column":8},"end":{"line":98,"column":20}},"25":{"start":{"line":102,"column":23},"end":{"line":106,"column":45}},"26":{"start":{"line":108,"column":8},"end":{"line":108,"column":20}},"27":{"start":{"line":4,"column":0},"end":{"line":4,"column":21}}},"fnMap":{"0":{"name":"(anonymous_8)","decl":{"start":{"line":5,"column":4},"end":{"line":5,"column":21}},"loc":{"start":{"line":5,"column":4},"end":{"line":5,"column":22}}},"1":{"name":"(anonymous_9)","decl":{"start":{"line":7,"column":4},"end":{"line":7,"column":10}},"loc":{"start":{"line":13,"column":5},"end":{"line":36,"column":null}}},"2":{"name":"(anonymous_11)","decl":{"start":{"line":38,"column":4},"end":{"line":38,"column":10}},"loc":{"start":{"line":45,"column":9},"end":{"line":70,"column":null}}},"3":{"name":"(anonymous_13)","decl":{"start":{"line":72,"column":4},"end":{"line":72,"column":10}},"loc":{"start":{"line":72,"column":43},"end":{"line":80,"column":null}}},"4":{"name":"(anonymous_15)","decl":{"start":{"line":82,"column":4},"end":{"line":82,"column":10}},"loc":{"start":{"line":82,"column":29},"end":{"line":87,"column":null}}},"5":{"name":"(anonymous_17)","decl":{"start":{"line":89,"column":4},"end":{"line":89,"column":10}},"loc":{"start":{"line":89,"column":58},"end":{"line":99,"column":null}}},"6":{"name":"(anonymous_19)","decl":{"start":{"line":101,"column":4},"end":{"line":101,"column":10}},"loc":{"start":{"line":101,"column":39},"end":{"line":109,"column":null}}}},"branchMap":{"0":{"loc":{"start":{"line":16,"column":8},"end":{"line":20,"column":null}},"type":"if","locations":[{"start":{"line":16,"column":8},"end":{"line":20,"column":null}},{"start":{"line":18,"column":14},"end":{"line":20,"column":null}}]},"1":{"loc":{"start":{"line":22,"column":8},"end":{"line":26,"column":null}},"type":"if","locations":[{"start":{"line":22,"column":8},"end":{"line":26,"column":null}},{"start":{"line":24,"column":15},"end":{"line":26,"column":null}}]},"2":{"loc":{"start":{"line":49,"column":8},"end":{"line":53,"column":null}},"type":"if","locations":[{"start":{"line":49,"column":8},"end":{"line":53,"column":null}},{"start":{"line":51,"column":14},"end":{"line":53,"column":null}}]},"3":{"loc":{"start":{"line":55,"column":8},"end":{"line":59,"column":null}},"type":"if","locations":[{"start":{"line":55,"column":8},"end":{"line":59,"column":null}},{"start":{"line":57,"column":15},"end":{"line":59,"column":null}}]}},"s":{"0":1,"1":1,"2":1,"3":0,"4":1,"5":1,"6":1,"7":0,"8":1,"9":1,"10":1,"11":1,"12":0,"13":1,"14":1,"15":1,"16":0,"17":1,"18":1,"19":1,"20":1,"21":2,"22":2,"23":1,"24":1,"25":1,"26":1,"27":1},"f":{"0":0,"1":1,"2":1,"3":1,"4":2,"5":1,"6":1},"b":{"0":[0,1],"1":[1,0],"2":[0,1],"3":[1,0]}}
}
