TN:
SF:src/controllers/bitacora/bitacora.controller.ts
FN:3,(anonymous_8)
FN:3,(anonymous_9)
FN:14,(anonymous_10)
FN:14,(anonymous_11)
FN:35,(anonymous_12)
FN:35,(anonymous_13)
FN:57,(anonymous_14)
FN:57,(anonymous_15)
FN:71,(anonymous_16)
FN:71,(anonymous_17)
FN:90,(anonymous_18)
FN:90,(anonymous_19)
FNF:12
FNH:2
FNDA:2,(anonymous_8)
FNDA:2,(anonymous_9)
FNDA:0,(anonymous_10)
FNDA:0,(anonymous_11)
FNDA:0,(anonymous_12)
FNDA:0,(anonymous_13)
FNDA:0,(anonymous_14)
FNDA:0,(anonymous_15)
FNDA:0,(anonymous_16)
FNDA:0,(anonymous_17)
FNDA:0,(anonymous_18)
FNDA:0,(anonymous_19)
DA:1,1
DA:3,2
DA:4,2
DA:5,2
DA:6,2
DA:8,0
DA:9,0
DA:14,1
DA:15,0
DA:16,0
DA:17,0
DA:18,0
DA:19,0
DA:20,0
DA:23,0
DA:29,0
DA:30,0
DA:35,1
DA:36,0
DA:37,0
DA:49,0
DA:51,0
DA:52,0
DA:57,1
DA:58,0
DA:60,0
DA:61,0
DA:62,0
DA:63,0
DA:65,0
DA:66,0
DA:71,1
DA:72,0
DA:73,0
DA:74,0
DA:75,0
DA:76,0
DA:77,0
DA:79,0
DA:85,0
DA:86,0
DA:90,1
DA:91,0
DA:92,0
DA:93,0
DA:94,0
DA:95,0
DA:96,0
DA:97,0
DA:99,0
DA:100,0
DA:101,0
DA:102,0
DA:103,0
DA:105,0
DA:106,0
LF:56
LH:10
BRDA:18,0,0,0
BRDA:75,1,0,0
BRDA:95,2,0,0
BRF:3
BRH:0
end_of_record
TN:
SF:src/db/connection.ts
FNF:0
FNH:0
DA:1,1
DA:3,1
DA:10,1
LF:3
LH:3
BRF:0
BRH:0
end_of_record
TN:
SF:src/models/Bitacora/bitacora.model.ts
FN:11,(anonymous_8)
FN:18,(anonymous_9)
FN:32,(anonymous_11)
FN:46,(anonymous_13)
FN:57,(anonymous_15)
FN:67,(anonymous_17)
FNF:6
FNH:1
FNDA:0,(anonymous_8)
FNDA:2,(anonymous_9)
FNDA:0,(anonymous_11)
FNDA:0,(anonymous_13)
FNDA:0,(anonymous_15)
FNDA:0,(anonymous_17)
DA:1,1
DA:2,1
DA:12,0
DA:13,0
DA:14,0
DA:15,0
DA:20,2
DA:21,2
DA:22,2
DA:24,2
DA:28,2
DA:38,0
DA:42,0
DA:47,0
DA:53,0
DA:58,0
DA:62,0
DA:63,0
DA:68,0
DA:72,0
DA:76,1
LF:21
LH:8
BRDA:53,0,0,0
BRDA:53,1,0,0
BRDA:53,1,1,0
BRDA:62,2,0,0
BRDA:72,3,0,0
BRDA:72,4,0,0
BRDA:72,4,1,0
BRF:7
BRH:0
end_of_record
