TN:
SF:src\controllers\diets\diets.controller.ts
FN:4,(anonymous_8)
FN:4,(anonymous_9)
FN:98,(anonymous_10)
FN:98,(anonymous_11)
FN:143,(anonymous_12)
FN:143,(anonymous_13)
FN:205,(anonymous_14)
FN:205,(anonymous_15)
FN:246,(anonymous_16)
FN:246,(anonymous_17)
FN:303,(anonymous_18)
FN:303,(anonymous_19)
FNF:12
FNH:6
FNDA:7,(anonymous_8)
FNDA:7,(anonymous_9)
FNDA:0,(anonymous_10)
FNDA:0,(anonymous_11)
FNDA:7,(anonymous_12)
FNDA:7,(anonymous_13)
FNDA:0,(anonymous_14)
FNDA:0,(anonymous_15)
FNDA:3,(anonymous_16)
FNDA:3,(anonymous_17)
FNDA:0,(anonymous_18)
FNDA:0,(anonymous_19)
DA:1,1
DA:4,7
DA:5,7
DA:6,7
DA:7,2
DA:9,5
DA:10,1
DA:12,4
DA:13,3
DA:15,1
DA:16,0
DA:18,1
DA:19,1
DA:23,0
DA:27,0
DA:29,0
DA:30,0
DA:32,0
DA:41,0
DA:48,0
DA:50,0
DA:51,0
DA:53,0
DA:63,0
DA:64,0
DA:66,0
DA:67,0
DA:69,0
DA:74,0
DA:75,0
DA:77,0
DA:78,0
DA:80,0
DA:84,0
DA:92,0
DA:94,0
DA:98,1
DA:99,0
DA:103,0
DA:106,0
DA:108,0
DA:109,0
DA:121,0
DA:128,0
DA:130,0
DA:143,7
DA:144,7
DA:145,7
DA:146,2
DA:148,5
DA:149,1
DA:151,4
DA:152,1
DA:154,3
DA:155,1
DA:157,2
DA:158,1
DA:162,1
DA:169,0
DA:171,0
DA:172,0
DA:174,0
DA:184,0
DA:185,0
DA:187,0
DA:188,0
DA:190,0
DA:193,0
DA:199,1
DA:201,1
DA:205,1
DA:206,0
DA:211,0
DA:213,0
DA:215,0
DA:216,0
DA:226,0
DA:233,0
DA:235,0
DA:246,3
DA:247,3
DA:249,3
DA:250,1
DA:252,2
DA:253,1
DA:255,1
DA:256,0
DA:258,1
DA:259,0
DA:262,1
DA:264,0
DA:265,0
DA:267,0
DA:268,0
DA:276,0
DA:282,0
DA:284,0
DA:292,0
DA:297,1
DA:299,1
DA:303,1
DA:304,0
DA:305,0
DA:307,0
DA:308,0
DA:317,0
DA:323,0
DA:325,0
LF:108
LH:41
BRDA:6,0,0,2
BRDA:9,1,0,1
BRDA:12,2,0,3
BRDA:15,3,0,0
BRDA:18,4,0,1
BRDA:36,5,0,0
BRDA:36,5,1,0
BRDA:36,6,0,0
BRDA:36,6,1,0
BRDA:36,7,0,0
BRDA:36,7,1,0
BRDA:57,8,0,0
BRDA:57,8,1,0
BRDA:57,9,0,0
BRDA:57,9,1,0
BRDA:57,10,0,0
BRDA:57,10,1,0
BRDA:108,11,0,0
BRDA:145,12,0,2
BRDA:148,13,0,1
BRDA:151,14,0,1
BRDA:154,15,0,1
BRDA:157,16,0,1
BRDA:215,17,0,0
BRDA:249,18,0,1
BRDA:252,19,0,1
BRDA:255,20,0,0
BRDA:258,21,0,0
BRDA:287,22,0,0
BRDA:287,22,1,0
BRDA:287,23,0,0
BRDA:287,23,1,0
BRDA:287,24,0,0
BRDA:287,24,1,0
BRDA:307,25,0,0
BRF:35
BRH:11
end_of_record
TN:
SF:src\controllers\workouts\workouts.controller.ts
FN:4,(anonymous_8)
FN:10,(anonymous_9)
FN:53,(anonymous_10)
FN:53,(anonymous_11)
FN:96,(anonymous_12)
FN:96,(anonymous_13)
FN:120,(anonymous_14)
FN:120,(anonymous_15)
FN:171,(anonymous_16)
FN:171,(anonymous_17)
FN:202,(anonymous_18)
FN:202,(anonymous_19)
FNF:12
FNH:2
FNDA:0,(anonymous_8)
FNDA:0,(anonymous_9)
FNDA:0,(anonymous_10)
FNDA:0,(anonymous_11)
FNDA:6,(anonymous_12)
FNDA:6,(anonymous_13)
FNDA:0,(anonymous_14)
FNDA:0,(anonymous_15)
FNDA:0,(anonymous_16)
FNDA:0,(anonymous_17)
FNDA:0,(anonymous_18)
FNDA:0,(anonymous_19)
DA:1,1
DA:4,1
DA:10,0
DA:11,0
DA:12,0
DA:21,0
DA:23,0
DA:24,0
DA:26,0
DA:28,0
DA:29,0
DA:31,0
DA:33,0
DA:35,0
DA:37,0
DA:39,0
DA:45,0
DA:47,0
DA:49,0
DA:53,1
DA:54,0
DA:55,0
DA:56,0
DA:59,0
DA:63,0
DA:65,0
DA:66,0
DA:68,0
DA:70,0
DA:71,0
DA:73,0
DA:76,0
DA:78,0
DA:80,0
DA:82,0
DA:89,0
DA:91,0
DA:92,0
DA:96,6
DA:97,6
DA:98,6
DA:104,3
DA:107,3
DA:109,3
DA:110,3
DA:113,0
DA:115,0
DA:116,0
DA:120,1
DA:121,0
DA:122,0
DA:126,0
DA:128,0
DA:129,0
DA:131,0
DA:133,0
DA:134,0
DA:136,0
DA:138,0
DA:140,0
DA:142,0
DA:144,0
DA:151,0
DA:159,0
DA:161,0
DA:171,1
DA:172,0
DA:173,0
DA:175,0
DA:178,0
DA:179,0
DA:186,0
DA:192,0
DA:194,0
DA:202,1
DA:203,0
DA:204,0
DA:206,0
DA:214,0
DA:215,0
DA:224,0
DA:230,0
DA:232,0
LF:83
LH:13
BRDA:28,0,0,0
BRDA:28,0,1,0
BRDA:55,1,0,0
BRDA:70,2,0,0
BRDA:70,2,1,0
BRDA:85,3,0,0
BRDA:85,3,1,0
BRDA:85,4,0,0
BRDA:85,4,1,0
BRDA:85,5,0,0
BRDA:85,5,1,0
BRDA:98,6,0,3
BRDA:99,7,0,6
BRDA:99,7,1,4
BRDA:99,7,2,4
BRDA:99,7,3,3
BRDA:109,8,0,3
BRDA:133,9,0,0
BRDA:133,9,1,0
BRDA:147,10,0,0
BRDA:147,10,1,0
BRDA:147,11,0,0
BRDA:147,11,1,0
BRDA:147,12,0,0
BRDA:147,12,1,0
BRDA:178,13,0,0
BRDA:214,14,0,0
BRF:27
BRH:6
end_of_record
TN:
SF:src\db\connection.ts
FNF:0
FNH:0
DA:1,2
DA:3,2
DA:10,2
LF:3
LH:3
BRF:0
BRH:0
end_of_record
TN:
SF:src\models\Dietas\diets.models.ts
FN:5,(anonymous_8)
FN:7,(anonymous_9)
FN:38,(anonymous_11)
FN:72,(anonymous_13)
FN:82,(anonymous_15)
FN:89,(anonymous_17)
FN:101,(anonymous_19)
FNF:7
FNH:2
FNDA:0,(anonymous_8)
FNDA:0,(anonymous_9)
FNDA:1,(anonymous_11)
FNDA:0,(anonymous_13)
FNDA:0,(anonymous_15)
FNDA:1,(anonymous_17)
FNDA:0,(anonymous_19)
DA:1,1
DA:4,1
DA:14,0
DA:16,0
DA:17,0
DA:19,0
DA:22,0
DA:23,0
DA:25,0
DA:28,0
DA:35,0
DA:47,1
DA:49,1
DA:50,0
DA:52,1
DA:55,1
DA:56,1
DA:58,0
DA:61,1
DA:69,0
DA:73,0
DA:79,0
DA:83,0
DA:86,0
DA:91,1
DA:98,0
DA:102,0
DA:108,0
LF:28
LH:9
BRDA:16,0,0,0
BRDA:16,0,1,0
BRDA:22,1,0,0
BRDA:22,1,1,0
BRDA:49,2,0,0
BRDA:49,2,1,1
BRDA:55,3,0,1
BRDA:55,3,1,0
BRF:8
BRH:2
end_of_record
TN:
SF:src\models\Workouts\workouts.model.ts
FN:5,(anonymous_8)
FN:7,(anonymous_9)
FN:37,(anonymous_11)
FN:86,(anonymous_13)
FNF:4
FNH:1
FNDA:0,(anonymous_8)
FNDA:0,(anonymous_9)
FNDA:3,(anonymous_11)
FNDA:0,(anonymous_13)
DA:1,1
DA:8,0
DA:34,0
DA:38,3
DA:39,3
DA:40,3
DA:50,0
DA:59,0
DA:61,0
DA:63,0
DA:68,0
DA:71,0
DA:78,0
DA:81,3
DA:98,0
DA:100,0
DA:101,0
DA:103,0
DA:105,0
DA:106,0
DA:108,0
DA:110,0
DA:111,0
DA:113,0
DA:115,0
DA:116,0
DA:118,0
DA:121,0
DA:147,0
DA:156,0
DA:157,0
DA:159,0
DA:160,0
DA:161,0
DA:163,0
DA:164,0
DA:167,0
DA:170,0
DA:174,1
LF:39
LH:6
BRDA:59,0,0,0
BRDA:61,1,0,0
BRDA:61,1,1,0
BRDA:100,2,0,0
BRDA:100,2,1,0
BRDA:105,3,0,0
BRDA:105,3,1,0
BRDA:110,4,0,0
BRDA:110,4,1,0
BRDA:115,5,0,0
BRDA:115,5,1,0
BRDA:163,6,0,0
BRF:12
BRH:0
end_of_record
